<?xml version="1.0" encoding="UTF-8"?>
<!-- Generated by org.testng.reporters.JUnitReportReporter -->
<testsuite skipped="0" hostname="SYSLT009" name="amazon.testcases.OpenProduct" tests="1" failures="0" timestamp="2021-02-26T09:28:32 IST" time="8.447" errors="0">
  <testcase name="openIphoneProduct" time="8.447" classname="amazon.testcases.OpenProduct"/>
</testsuite> <!-- amazon.testcases.OpenProduct -->
